<?xml version="1.0" encoding="UTF-8"?>
<testsuite xmlns:xsi="http://www.w3.org/2001/XMLSchema-instance" xsi:noNamespaceSchemaLocation="https://maven.apache.org/surefire/maven-surefire-plugin/xsd/surefire-test-report-3.0.xsd" version="3.0" name="br.com.joseana.ProductResourceTest" time="14.95" tests="4" errors="0" skipped="0" failures="0">
  <properties>
[...]
</properties>
  <testcase name="testValid" classname="br.com.joseana.ProductResourceTest" time="2.798">
    <system-out><![CDATA[2023-11-13 15:09:03,355 WARN  [org.tes.doc.DockerClientProviderStrategy] (build-36) DOCKER_HOST unix:///var/run/docker.sock is not listening
2023-11-13 15:09:04,093 INFO  [org.tes.doc.DockerClientProviderStrategy] (build-36) Found Docker environment with Docker accessed via Unix socket (/home/josi/.docker/desktop/docker.sock)
2023-11-13 15:09:04,096 INFO  [org.tes.DockerClientFactory] (build-36) Docker host IP address is localhost
2023-11-13 15:09:04,169 INFO  [org.tes.DockerClientFactory] (build-36) Connected to docker: 
  Server Version: 24.0.6
  API Version: 1.43
  Operating System: Docker Desktop
  Total Memory: 1885 MB
2023-11-13 15:09:04,191 INFO  [org.tes.uti.ImageNameSubstitutor] (build-36) Image name substitution will be performed by: DefaultImageNameSubstitutor (composite of 'ConfigurationFileImageNameSubstitutor' and 'PrefixingImageNameSubstitutor')
2023-11-13 15:09:04,197 INFO  [org.tes.DockerClientFactory] (build-36) Checking the system...
2023-11-13 15:09:04,198 INFO  [org.tes.DockerClientFactory] (build-36) ✔︎ Docker server version should be at least 1.6.0
2023-11-13 15:09:04,390 INFO  [tc.doc.io/postgres:14] (build-36) Creating container for image: docker.io/postgres:14
2023-11-13 15:09:04,467 INFO  [org.tes.uti.RegistryAuthLocator] (build-36) Credential helper/store (docker-credential-desktop) does not have credentials for docker.io
2023-11-13 15:09:04,718 INFO  [tc.doc.io/postgres:14] (build-36) Reusing container with ID: 6cb0e584daa2611f0aa7cc38f78c57d1ed971c3849e22616f8dbd6d719842aa7 and hash: 8a744b509e6029221afb15d0abd63afbe193910a
2023-11-13 15:09:04,719 INFO  [tc.doc.io/postgres:14] (build-36) Reusing existing container (6cb0e584daa2611f0aa7cc38f78c57d1ed971c3849e22616f8dbd6d719842aa7) and not creating a new one
2023-11-13 15:09:05,216 INFO  [tc.doc.io/postgres:14] (build-36) Container docker.io/postgres:14 started in PT1.005204299S
2023-11-13 15:09:05,217 INFO  [tc.doc.io/postgres:14] (build-36) Container is started (JDBC URL: jdbc:postgresql://localhost:35133/quarkus?loggerLevel=OFF)
2023-11-13 15:09:05,218 INFO  [io.qua.dev.pos.dep.PostgresqlDevServicesProcessor] (build-36) Dev Services for PostgreSQL started.
2023-11-13 15:09:05,222 INFO  [io.qua.dat.dep.dev.DevServicesDatasourceProcessor] (build-36) Dev Services for default datasource (postgresql) started - container ID is 6cb0e584daa2
2023-11-13 15:09:07,255 WARN  [io.qua.config] (main) Unrecognized configuration key "quarkus.datasource.reactive.url" was provided; it will be ignored; verify that the dependency extension for this configuration is set or that you did not make a typo
2023-11-13 15:09:10,268 WARN  [org.hib.too.sch.int.ExceptionHandlerLoggedImpl] (JPA Startup Thread) GenerationTarget encountered exception accepting command : Error executing DDL "CREATE SEQUENCE hibernate_sequence   START WITH 1" via JDBC [ERROR: relation "hibernate_sequence" already exists]: org.hibernate.tool.schema.spi.CommandAcceptanceException: Error executing DDL "CREATE SEQUENCE hibernate_sequence   START WITH 1" via JDBC [ERROR: relation "hibernate_sequence" already exists]
	at org.hibernate.tool.schema.internal.exec.GenerationTargetToDatabase.accept(GenerationTargetToDatabase.java:94)
	at org.hibernate.tool.schema.internal.Helper.applySqlString(Helper.java:233)
	at org.hibernate.tool.schema.internal.Helper.applyScript(Helper.java:255)
	at org.hibernate.tool.schema.internal.SchemaCreatorImpl.applyImportFiles(SchemaCreatorImpl.java:650)
	at org.hibernate.tool.schema.internal.SchemaCreatorImpl.applyImportSources(SchemaCreatorImpl.java:569)
	at org.hibernate.tool.schema.internal.SchemaCreatorImpl.performCreation(SchemaCreatorImpl.java:184)
	at org.hibernate.tool.schema.internal.SchemaCreatorImpl.doCreation(SchemaCreatorImpl.java:142)
	at org.hibernate.tool.schema.internal.SchemaCreatorImpl.doCreation(SchemaCreatorImpl.java:118)
	at org.hibernate.tool.schema.spi.SchemaManagementToolCoordinator.performDatabaseAction(SchemaManagementToolCoordinator.java:254)
	at org.hibernate.tool.schema.spi.SchemaManagementToolCoordinator.lambda$process$5(SchemaManagementToolCoordinator.java:143)
	at java.base/java.util.HashMap.forEach(HashMap.java:1429)
	at org.hibernate.tool.schema.spi.SchemaManagementToolCoordinator.process(SchemaManagementToolCoordinator.java:140)
	at io.quarkus.hibernate.orm.runtime.observers.SessionFactoryObserverForSchemaExport.sessionFactoryCreated(SessionFactoryObserverForSchemaExport.java:21)
	at org.hibernate.internal.SessionFactoryObserverChain.sessionFactoryCreated(SessionFactoryObserverChain.java:35)
	at org.hibernate.internal.SessionFactoryImpl.<init>(SessionFactoryImpl.java:293)
	at io.quarkus.hibernate.orm.runtime.boot.FastBootEntityManagerFactoryBuilder.build(FastBootEntityManagerFactoryBuilder.java:84)
	at io.quarkus.hibernate.orm.runtime.FastBootHibernatePersistenceProvider.createEntityManagerFactory(FastBootHibernatePersistenceProvider.java:74)
	at jakarta.persistence.Persistence.createEntityManagerFactory(Persistence.java:80)
	at jakarta.persistence.Persistence.createEntityManagerFactory(Persistence.java:55)
	at io.quarkus.hibernate.orm.runtime.JPAConfig$LazyPersistenceUnit.get(JPAConfig.java:156)
	at io.quarkus.hibernate.orm.runtime.JPAConfig$1.run(JPAConfig.java:64)
	at java.base/java.lang.Thread.run(Thread.java:1583)
Caused by: org.postgresql.util.PSQLException: ERROR: relation "hibernate_sequence" already exists
	at org.postgresql.core.v3.QueryExecutorImpl.receiveErrorResponse(QueryExecutorImpl.java:2713)
	at org.postgresql.core.v3.QueryExecutorImpl.processResults(QueryExecutorImpl.java:2401)
	at org.postgresql.core.v3.QueryExecutorImpl.execute(QueryExecutorImpl.java:368)
	at org.postgresql.jdbc.PgStatement.executeInternal(PgStatement.java:498)
	at org.postgresql.jdbc.PgStatement.execute(PgStatement.java:415)
	at org.postgresql.jdbc.PgStatement.executeWithFlags(PgStatement.java:335)
	at org.postgresql.jdbc.PgStatement.executeCachedSql(PgStatement.java:321)
	at org.postgresql.jdbc.PgStatement.executeWithFlags(PgStatement.java:297)
	at org.postgresql.jdbc.PgStatement.execute(PgStatement.java:292)
	at io.agroal.pool.wrapper.StatementWrapper.execute(StatementWrapper.java:235)
	at org.hibernate.tool.schema.internal.exec.GenerationTargetToDatabase.accept(GenerationTargetToDatabase.java:80)
	... 21 more

2023-11-13 15:09:10,490 INFO  [io.quarkus] (main) first-test 1.0.0-SNAPSHOT on JVM (powered by Quarkus 3.5.0) started in 10.523s. Listening on: http://localhost:8081
2023-11-13 15:09:10,492 INFO  [io.quarkus] (main) Profile test activated. 
2023-11-13 15:09:10,493 INFO  [io.quarkus] (main) Installed features: [agroal, cdi, hibernate-orm, hibernate-orm-panache, jacoco, jdbc-postgresql, narayana-jta, resteasy, resteasy-jackson, smallrye-context-propagation, vertx]
]]></system-out>
  </testcase>
  <testcase name="testGetById" classname="br.com.joseana.ProductResourceTest" time="0.099">
    <system-out><![CDATA[Resposta vazia
]]></system-out>
  </testcase>
  <testcase name="testListAll" classname="br.com.joseana.ProductResourceTest" time="0.094"/>
  <testcase name="testCreate" classname="br.com.joseana.ProductResourceTest" time="0.004"/>
</testsuite>